<?xml version="1.0" encoding="UTF-8"?>
<!-- Generated by org.testng.reporters.JUnitReportReporter -->
<testsuite hostname="Michaels-MacBook-Pro.local" failures="0" tests="1" name="TestCase01_GET" time="2.628" errors="0" timestamp="2021-08-12T10:43:33 WAT" skipped="0">
  <testcase classname="TestCase01_GET" name="test_script02" time="2.628"/>
  <system-out/>
</testsuite> <!-- TestCase01_GET -->
