<?xml version="1.0" encoding="UTF-8"?>
<!-- Generated by org.testng.reporters.JUnitReportReporter -->
<testsuite hostname="Michaels-MacBook-Pro.local" failures="0" tests="1" name="api_tests.TestSteps" time="2.830" errors="0" timestamp="2021-08-15T12:30:39 WAT" skipped="0">
  <testcase classname="api_tests.TestSteps" name="deleteOrder" time="2.830"/>
  <system-out/>
</testsuite> <!-- api_tests.TestSteps -->
